\BOOKMARK [1][-]{section.1}{\376\377\0001\000\040\000P\000r\000e\000f\000a\000c\000e}{}% 1
\BOOKMARK [1][-]{section.2}{\376\377\0002\000\040\000I\000n\000t\000r\000o\000d\000u\000c\000t\000i\000o\000n}{}% 2
\BOOKMARK [1][-]{section.3}{\376\377\0003\000\040\000P\000r\000o\000b\000l\000e\000m\000\040\000s\000t\000a\000t\000e\000m\000e\000n\000t}{}% 3
\BOOKMARK [1][-]{section.4}{\376\377\0004\000\040\000A\000n\000a\000l\000y\000s\000i\000s\000\040\000a\000n\000d\000\040\000D\000e\000s\000i\000g\000n}{}% 4
\BOOKMARK [2][-]{subsection.4.1}{\376\377\0004\000.\0001\000\040\000F\000o\000l\000d\000\040\000F\000u\000n\000c\000t\000i\000o\000n}{section.4}% 5
\BOOKMARK [2][-]{subsection.4.2}{\376\377\0004\000.\0002\000\040\000F\000i\000l\000t\000e\000r\000\040\000F\000u\000n\000c\000t\000i\000o\000n}{section.4}% 6
\BOOKMARK [1][-]{section.5}{\376\377\0005\000\040\000P\000r\000o\000g\000r\000a\000m\000\040\000d\000e\000s\000c\000r\000i\000p\000t\000i\000o\000n}{}% 7
\BOOKMARK [2][-]{subsection.5.1}{\376\377\0005\000.\0001\000\040\000F\000o\000l\000d\000\040\000f\000u\000n\000c\000t\000i\000o\000n}{section.5}% 8
\BOOKMARK [2][-]{subsection.5.2}{\376\377\0005\000.\0002\000\040\000F\000i\000l\000t\000e\000r\000\040\000f\000u\000n\000c\000t\000i\000o\000n}{section.5}% 9
\BOOKMARK [1][-]{section.6}{\376\377\0006\000\040\000E\000v\000a\000l\000u\000a\000t\000i\000o\000n}{}% 10
\BOOKMARK [2][-]{subsection.6.1}{\376\377\0006\000.\0001\000\040\000F\000o\000l\000d\000\040\000f\000u\000n\000c\000t\000i\000o\000n}{section.6}% 11
\BOOKMARK [2][-]{subsection.6.2}{\376\377\0006\000.\0002\000\040\000F\000i\000l\000t\000e\000r\000\040\000f\000u\000n\000c\000t\000i\000o\000n}{section.6}% 12
\BOOKMARK [1][-]{section.7}{\376\377\0007\000\040\000C\000o\000n\000c\000l\000u\000s\000i\000o\000n}{}% 13
\BOOKMARK [1][-]{section.8}{\376\377\0008\000\040\000B\000A\000C\000K\000G\000R\000O\000U\000N\000D\000\040\000A\000N\000D\000\040\000R\000E\000L\000A\000T\000E\000D\000\040\000W\000O\000R\000K}{}% 14
\BOOKMARK [2][-]{subsection.8.1}{\376\377\0008\000.\0001\000\040\000Z\000e\000i\000t\000g\000e\000b\000e\000r\000s}{section.8}% 15
\BOOKMARK [2][-]{subsection.8.2}{\376\377\0008\000.\0002\000\040\000C\000o\000g\000n\000i\000t\000i\000v\000e\000\040\000L\000o\000a\000d}{section.8}% 16
\BOOKMARK [2][-]{subsection.8.3}{\376\377\0008\000.\0003\000\040\000T\000i\000m\000e\000\040\000P\000e\000r\000c\000e\000p\000t\000i\000o\000n}{section.8}% 17
\BOOKMARK [2][-]{subsection.8.4}{\376\377\0008\000.\0004\000\040\000P\000r\000e\000s\000e\000n\000c\000e}{section.8}% 18
\BOOKMARK [1][-]{section.9}{\376\377\0009\000\040\000E\000X\000P\000E\000R\000I\000M\000E\000N\000T}{}% 19
\BOOKMARK [2][-]{subsection.9.1}{\376\377\0009\000.\0001\000\040\000P\000a\000r\000t\000i\000c\000i\000p\000a\000n\000t\000s}{section.9}% 20
\BOOKMARK [2][-]{subsection.9.2}{\376\377\0009\000.\0002\000\040\000M\000a\000t\000e\000r\000i\000a\000l}{section.9}% 21
\BOOKMARK [2][-]{subsection.9.3}{\376\377\0009\000.\0003\000\040\000M\000e\000t\000h\000o\000d\000s}{section.9}% 22
\BOOKMARK [1][-]{section.10}{\376\377\0001\0000\000\040\000R\000e\000s\000u\000l\000t\000s}{}% 23
\BOOKMARK [2][-]{subsection.10.1}{\376\377\0001\0000\000.\0001\000\040\000T\000i\000m\000e\000\040\000E\000s\000t\000i\000m\000a\000t\000i\000o\000n}{section.10}% 24
\BOOKMARK [2][-]{subsection.10.2}{\376\377\0001\0000\000.\0002\000\040\000P\000r\000e\000s\000e\000n\000c\000e}{section.10}% 25
\BOOKMARK [2][-]{subsection.10.3}{\376\377\0001\0000\000.\0003\000\040\000Q\000u\000e\000s\000t\000i\000o\000n\000n\000a\000i\000r\000e\000s}{section.10}% 26
\BOOKMARK [1][-]{section.11}{\376\377\0001\0001\000\040\000D\000I\000S\000C\000U\000S\000S\000I\000O\000N}{}% 27
\BOOKMARK [1][-]{section.12}{\376\377\0001\0002\000\040\000C\000o\000n\000c\000l\000u\000s\000i\000o\000n\000s\000\040\000a\000n\000d\000\040\000F\000u\000t\000u\000r\000e\000\040\000W\000o\000r\000k}{}% 28
\BOOKMARK [1][-]{section*.24}{\376\377\000A\000c\000k\000n\000o\000w\000l\000e\000d\000g\000m\000e\000n\000t\000s}{}% 29
\BOOKMARK [1][-]{section*.26}{\376\377\000R\000e\000f\000e\000r\000e\000n\000c\000e\000s}{}% 30
